<?xml version="1.0" encoding="UTF-8"?>
<!-- Generated by org.testng.reporters.JUnitReportReporter -->
<testsuite ignored="0" hostname="DESKTOP-MQJN69E" failures="0" tests="4" name="UATPages.Runner" time="100.438" errors="0" timestamp="28 Jul 2022 09:04:50 GMT" skipped="0">
  <testcase classname="UATPages.Runner" name="runScenario" time="22.519"/>
  <testcase classname="UATPages.Runner" name="runScenario" time="37.949"/>
  <testcase classname="UATPages.Runner" name="runScenario" time="18.366"/>
  <testcase classname="UATPages.Runner" name="runScenario" time="21.604"/>
</testsuite> <!-- UATPages.Runner -->
