<?xml version="1.0" encoding="UTF-8"?>
<!-- Generated by org.testng.reporters.JUnitReportReporter -->
<testsuite ignored="0" hostname="DESKTOP-MQJN69E" failures="0" tests="1" name="UATPages.Runner" time="43.797" errors="0" timestamp="28 Jul 2022 11:38:03 GMT" skipped="0">
  <testcase classname="UATPages.Runner" name="runScenario" time="43.797"/>
</testsuite> <!-- UATPages.Runner -->
